<?xml version="1.0" encoding="UTF-8"?>
<!-- Generated by org.testng.reporters.JUnitReportReporter -->
<testsuite skipped="0" hostname="Home" name="selenium.mavenwork.seleniummaventest.AppTest" tests="1" failures="0" timestamp="15 Nov 2017 07:21:40 GMT" time="0.001" errors="0">
  <testcase name="testApp" time="0.001" classname="selenium.mavenwork.seleniummaventest.AppTest"/>
</testsuite> <!-- selenium.mavenwork.seleniummaventest.AppTest -->
