<?xml version="1.0" encoding="UTF-8"?>
<!-- Generated by org.testng.reporters.JUnitReportReporter -->
<testsuite skipped="0" hostname="Home" name="selenium.mavenwork.seleniummaventest.Page1Test" tests="1" failures="0" timestamp="15 Nov 2017 07:39:54 GMT" time="11.096" errors="0">
  <testcase name="testHere" time="11.096" classname="selenium.mavenwork.seleniummaventest.Page1Test"/>
</testsuite> <!-- selenium.mavenwork.seleniummaventest.Page1Test -->
