<?xml version="1.0" encoding="UTF-8"?>
<!-- Generated by org.testng.reporters.JUnitReportReporter -->
<testsuite skipped="0" hostname="Home" name="selenium.mavenwork.seleniummaventest.Page1Test" tests="1" failures="0" timestamp="15 Nov 2017 13:50:52 GMT" time="24.716" errors="0">
  <testcase name="testHere" time="24.716" classname="selenium.mavenwork.seleniummaventest.Page1Test"/>
</testsuite> <!-- selenium.mavenwork.seleniummaventest.Page1Test -->
